
> backend---smartbake@1.0.0 start
> tsx watch --env-file=.env src/index.ts

Server is running on port 3000
9:19:40 PM [tsx] Return key Restarting...
cServer is running on port 3000
9:20:17 PM [tsx] Return key Restarting...
cServer is running on port 3000
9:21:03 PM [tsx] Return key Restarting...
cServer is running on port 3000
9:21:08 PM [tsx] Return key Restarting...
cServer is running on port 3000
9:21:37 PM [tsx] Return key Restarting...
cServer is running on port 3000
9:21:41 PM [tsx] Return key Restarting...
cServer is running on port 3000
9:22:03 PM [tsx] Return key Restarting...
cServer is running on port 3000
9:22:05 PM [tsx] Return key Restarting...
cServer is running on port 3000
9:22:14 PM [tsx] Return key Restarting...
cServer is running on port 3000
